android/app/build/intermediates/manifest_merge_blame_file/debug/processDebugMainManifest/manifest-merger-blame-debug-report.txt
1<?xml version="1.0" encoding="utf-8"?>
2<manifest xmlns:android="http://schemas.android.com/apk/res/android"
3    package="com.humorstech.dietitian"
4    android:versionCode="1"
5    android:versionName="1.0.0" >
6
7    <uses-sdk
8        android:minSdkVersion="23"
9        android:targetSdkVersion="35" />
10    <!--
11         The INTERNET permission is required for development. Specifically,
12         the Flutter tool needs it to communicate with the running application
13         to allow setting breakpoints, to provide hot reload, etc.
14    -->
15    <uses-permission android:name="android.permission.INTERNET" />
15-->src\debug\AndroidManifest.xml:6:5-66
15-->src\debug\AndroidManifest.xml:6:22-64
16    <!-- Permissions -->
17    <uses-permission android:name="android.permission.CAMERA" />
17-->src\main\AndroidManifest.xml:7:5-65
17-->src\main\AndroidManifest.xml:7:22-62
18    <uses-permission android:name="android.permission.READ_MEDIA_IMAGES" />
18-->src\main\AndroidManifest.xml:8:5-76
18-->src\main\AndroidManifest.xml:8:22-73
19    <uses-permission
19-->src\main\AndroidManifest.xml:9:5-10:37
20        android:name="android.permission.READ_EXTERNAL_STORAGE"
20-->src\main\AndroidManifest.xml:9:22-77
21        android:maxSdkVersion="34" />
21-->src\main\AndroidManifest.xml:10:9-35
22    <uses-permission android:name="android.permission.MANAGE_EXTERNAL_STORAGE" />
22-->src\main\AndroidManifest.xml:11:5-12:39
22-->src\main\AndroidManifest.xml:11:22-79
23
24    <uses-feature android:name="android.hardware.usb.host" />
24-->src\main\AndroidManifest.xml:15:5-62
24-->src\main\AndroidManifest.xml:15:19-59
25
26    <queries>
26-->src\main\AndroidManifest.xml:62:5-67:15
27        <intent>
27-->src\main\AndroidManifest.xml:63:9-66:18
28            <action android:name="android.intent.action.PROCESS_TEXT" />
28-->src\main\AndroidManifest.xml:64:13-72
28-->src\main\AndroidManifest.xml:64:21-70
29
30            <data android:mimeType="text/plain" />
30-->src\main\AndroidManifest.xml:65:13-50
30-->src\main\AndroidManifest.xml:65:19-48
31        </intent>
32        <intent>
32-->[:file_picker] AndroidManifest.xml:8:9-12:18
33            <action android:name="android.intent.action.GET_CONTENT" />
33-->[:file_picker] AndroidManifest.xml:9:13-72
33-->[:file_picker] AndroidManifest.xml:9:21-69
34
35            <data android:mimeType="*/*" />
35-->src\main\AndroidManifest.xml:65:13-50
35-->src\main\AndroidManifest.xml:65:19-48
36        </intent>
37    </queries>
38
39    <uses-permission android:name="android.permission.WAKE_LOCK" />
39-->[:firebase_messaging] AndroidManifest.xml:8:5-68
39-->[:firebase_messaging] AndroidManifest.xml:8:22-65
40    <uses-permission android:name="android.permission.ACCESS_NETWORK_STATE" /> <!-- Permissions options for the `notification` group -->
40-->[:firebase_messaging] AndroidManifest.xml:9:5-79
40-->[:firebase_messaging] AndroidManifest.xml:9:22-76
41    <uses-permission android:name="android.permission.POST_NOTIFICATIONS" />
41-->[:firebase_messaging] AndroidManifest.xml:11:5-77
41-->[:firebase_messaging] AndroidManifest.xml:11:22-74
42    <uses-permission android:name="android.permission.VIBRATE" /> <!-- Required by older versions of Google Play services to create IID tokens -->
42-->[:flutter_local_notifications] AndroidManifest.xml:7:5-66
42-->[:flutter_local_notifications] AndroidManifest.xml:7:22-63
43    <uses-permission android:name="com.google.android.c2dm.permission.RECEIVE" />
43-->[com.google.firebase:firebase-messaging:25.0.0] AndroidManifest.xml:26:5-82
43-->[com.google.firebase:firebase-messaging:25.0.0] AndroidManifest.xml:26:22-79
44    <uses-permission android:name="com.google.android.finsky.permission.BIND_GET_INSTALL_REFERRER_SERVICE" />
44-->[com.google.android.gms:play-services-measurement:23.0.0] AndroidManifest.xml:26:5-110
44-->[com.google.android.gms:play-services-measurement:23.0.0] AndroidManifest.xml:26:22-107
45    <uses-permission android:name="com.google.android.gms.permission.AD_ID" />
45-->[com.google.android.gms:play-services-measurement-impl:23.0.0] AndroidManifest.xml:27:5-79
45-->[com.google.android.gms:play-services-measurement-impl:23.0.0] AndroidManifest.xml:27:22-76
46    <uses-permission android:name="android.permission.USE_BIOMETRIC" /> <!-- suppress DeprecatedClassUsageInspection -->
46-->[androidx.biometric:biometric:1.1.0] AndroidManifest.xml:24:5-72
46-->[androidx.biometric:biometric:1.1.0] AndroidManifest.xml:24:22-69
47    <uses-permission android:name="android.permission.USE_FINGERPRINT" />
47-->[androidx.biometric:biometric:1.1.0] AndroidManifest.xml:27:5-74
47-->[androidx.biometric:biometric:1.1.0] AndroidManifest.xml:27:22-71
48    <uses-permission android:name="android.permission.ACCESS_ADSERVICES_ATTRIBUTION" />
48-->[com.google.android.gms:play-services-measurement-api:23.0.0] AndroidManifest.xml:26:5-88
48-->[com.google.android.gms:play-services-measurement-api:23.0.0] AndroidManifest.xml:26:22-85
49    <uses-permission android:name="android.permission.ACCESS_ADSERVICES_AD_ID" />
49-->[com.google.android.gms:play-services-measurement-api:23.0.0] AndroidManifest.xml:27:5-82
49-->[com.google.android.gms:play-services-measurement-api:23.0.0] AndroidManifest.xml:27:22-79
50    <uses-permission android:name="com.google.android.providers.gsf.permission.READ_GSERVICES" />
50-->[com.google.android.recaptcha:recaptcha:18.6.1] AndroidManifest.xml:9:5-98
50-->[com.google.android.recaptcha:recaptcha:18.6.1] AndroidManifest.xml:9:22-95
51
52    <permission
52-->[androidx.core:core:1.15.0] AndroidManifest.xml:22:5-24:47
53        android:name="com.humorstech.dietitian.DYNAMIC_RECEIVER_NOT_EXPORTED_PERMISSION"
53-->[androidx.core:core:1.15.0] AndroidManifest.xml:23:9-81
54        android:protectionLevel="signature" />
54-->[androidx.core:core:1.15.0] AndroidManifest.xml:24:9-44
55
56    <uses-permission android:name="com.humorstech.dietitian.DYNAMIC_RECEIVER_NOT_EXPORTED_PERMISSION" />
56-->[androidx.core:core:1.15.0] AndroidManifest.xml:26:5-97
56-->[androidx.core:core:1.15.0] AndroidManifest.xml:26:22-94
57
58    <application
59        android:name="android.app.Application"
60        android:appComponentFactory="androidx.core.app.CoreComponentFactory"
60-->[androidx.core:core:1.15.0] AndroidManifest.xml:28:18-86
61        android:debuggable="true"
62        android:extractNativeLibs="false"
63        android:icon="@mipmap/ic_launcher"
64        android:label="respyr_dietician" >
65        <activity
66            android:name="com.yalantis.ucrop.UCropActivity"
67            android:exported="false"
68            android:theme="@style/Theme.AppCompat.Light.NoActionBar" />
69        <activity
70            android:name="com.humorstech.dietitian.MainActivity"
71            android:configChanges="orientation|keyboardHidden|keyboard|screenSize|smallestScreenSize|locale|layoutDirection|fontScale|screenLayout|density|uiMode"
72            android:exported="true"
73            android:hardwareAccelerated="true"
74            android:launchMode="singleTop"
75            android:taskAffinity=""
76            android:theme="@style/LaunchTheme"
77            android:windowSoftInputMode="adjustResize" >
78            <meta-data
79                android:name="io.flutter.embedding.android.NormalTheme"
80                android:resource="@style/NormalTheme" />
81
82            <intent-filter>
83                <action android:name="android.intent.action.MAIN" />
84
85                <category android:name="android.intent.category.LAUNCHER" />
86            </intent-filter>
87        </activity>
88
89        <provider
90            android:name="androidx.core.content.FileProvider"
91            android:authorities="com.humorstech.dietitian.fileprovider"
92            android:exported="false"
93            android:grantUriPermissions="true" >
94            <meta-data
94-->[:image_picker_android] AndroidManifest.xml:14:13-16:75
95                android:name="android.support.FILE_PROVIDER_PATHS"
95-->[:image_picker_android] AndroidManifest.xml:15:17-67
96                android:resource="@xml/provider_paths" />
96-->[:image_picker_android] AndroidManifest.xml:16:17-72
97        </provider>
98
99        <meta-data
100            android:name="flutterEmbedding"
101            android:value="2" />
102
103        <service
103-->[:firebase_auth] AndroidManifest.xml:8:9-12:19
104            android:name="com.google.firebase.components.ComponentDiscoveryService"
104-->[:firebase_auth] AndroidManifest.xml:8:18-89
105            android:directBootAware="true"
105-->[com.google.firebase:firebase-common:22.0.0] AndroidManifest.xml:32:13-43
106            android:exported="false" >
106-->[com.google.firebase:firebase-auth:24.0.0] AndroidManifest.xml:68:13-37
107            <meta-data
107-->[:firebase_auth] AndroidManifest.xml:9:13-11:85
108                android:name="com.google.firebase.components:io.flutter.plugins.firebase.auth.FlutterFirebaseAuthRegistrar"
108-->[:firebase_auth] AndroidManifest.xml:10:17-124
109                android:value="com.google.firebase.components.ComponentRegistrar" />
109-->[:firebase_auth] AndroidManifest.xml:11:17-82
110            <meta-data
110-->[:firebase_messaging] AndroidManifest.xml:36:13-38:85
111                android:name="com.google.firebase.components:io.flutter.plugins.firebase.messaging.FlutterFirebaseAppRegistrar"
111-->[:firebase_messaging] AndroidManifest.xml:37:17-128
112                android:value="com.google.firebase.components.ComponentRegistrar" />
112-->[:firebase_messaging] AndroidManifest.xml:38:17-82
113            <meta-data
113-->[:firebase_core] AndroidManifest.xml:9:13-11:85
114                android:name="com.google.firebase.components:io.flutter.plugins.firebase.core.FlutterFirebaseCoreRegistrar"
114-->[:firebase_core] AndroidManifest.xml:10:17-124
115                android:value="com.google.firebase.components.ComponentRegistrar" />
115-->[:firebase_core] AndroidManifest.xml:11:17-82
116            <meta-data
116-->[com.google.firebase:firebase-auth:24.0.0] AndroidManifest.xml:69:13-71:85
117                android:name="com.google.firebase.components:com.google.firebase.auth.FirebaseAuthRegistrar"
117-->[com.google.firebase:firebase-auth:24.0.0] AndroidManifest.xml:70:17-109
118                android:value="com.google.firebase.components.ComponentRegistrar" />
118-->[com.google.firebase:firebase-auth:24.0.0] AndroidManifest.xml:71:17-82
119            <meta-data
119-->[com.google.firebase:firebase-messaging:25.0.0] AndroidManifest.xml:57:13-59:85
120                android:name="com.google.firebase.components:com.google.firebase.messaging.FirebaseMessagingKtxRegistrar"
120-->[com.google.firebase:firebase-messaging:25.0.0] AndroidManifest.xml:58:17-122
121                android:value="com.google.firebase.components.ComponentRegistrar" />
121-->[com.google.firebase:firebase-messaging:25.0.0] AndroidManifest.xml:59:17-82
122            <meta-data
122-->[com.google.firebase:firebase-messaging:25.0.0] AndroidManifest.xml:60:13-62:85
123                android:name="com.google.firebase.components:com.google.firebase.messaging.FirebaseMessagingRegistrar"
123-->[com.google.firebase:firebase-messaging:25.0.0] AndroidManifest.xml:61:17-119
124                android:value="com.google.firebase.components.ComponentRegistrar" />
124-->[com.google.firebase:firebase-messaging:25.0.0] AndroidManifest.xml:62:17-82
125            <meta-data
125-->[com.google.android.gms:play-services-measurement-api:23.0.0] AndroidManifest.xml:33:13-35:85
126                android:name="com.google.firebase.components:com.google.firebase.analytics.connector.internal.AnalyticsConnectorRegistrar"
126-->[com.google.android.gms:play-services-measurement-api:23.0.0] AndroidManifest.xml:34:17-139
127                android:value="com.google.firebase.components.ComponentRegistrar" />
127-->[com.google.android.gms:play-services-measurement-api:23.0.0] AndroidManifest.xml:35:17-82
128            <meta-data
128-->[com.google.firebase:firebase-installations:19.0.0] AndroidManifest.xml:15:13-17:85
129                android:name="com.google.firebase.components:com.google.firebase.installations.FirebaseInstallationsKtxRegistrar"
129-->[com.google.firebase:firebase-installations:19.0.0] AndroidManifest.xml:16:17-130
130                android:value="com.google.firebase.components.ComponentRegistrar" />
130-->[com.google.firebase:firebase-installations:19.0.0] AndroidManifest.xml:17:17-82
131            <meta-data
131-->[com.google.firebase:firebase-installations:19.0.0] AndroidManifest.xml:18:13-20:85
132                android:name="com.google.firebase.components:com.google.firebase.installations.FirebaseInstallationsRegistrar"
132-->[com.google.firebase:firebase-installations:19.0.0] AndroidManifest.xml:19:17-127
133                android:value="com.google.firebase.components.ComponentRegistrar" />
133-->[com.google.firebase:firebase-installations:19.0.0] AndroidManifest.xml:20:17-82
134            <meta-data
134-->[com.google.firebase:firebase-common:22.0.0] AndroidManifest.xml:35:13-37:85
135                android:name="com.google.firebase.components:com.google.firebase.FirebaseCommonKtxRegistrar"
135-->[com.google.firebase:firebase-common:22.0.0] AndroidManifest.xml:36:17-109
136                android:value="com.google.firebase.components.ComponentRegistrar" />
136-->[com.google.firebase:firebase-common:22.0.0] AndroidManifest.xml:37:17-82
137            <meta-data
137-->[com.google.firebase:firebase-datatransport:18.2.0] AndroidManifest.xml:25:13-27:85
138                android:name="com.google.firebase.components:com.google.firebase.datatransport.TransportRegistrar"
138-->[com.google.firebase:firebase-datatransport:18.2.0] AndroidManifest.xml:26:17-115
139                android:value="com.google.firebase.components.ComponentRegistrar" />
139-->[com.google.firebase:firebase-datatransport:18.2.0] AndroidManifest.xml:27:17-82
140        </service>
141        <service
141-->[:firebase_messaging] AndroidManifest.xml:14:9-17:72
142            android:name="io.flutter.plugins.firebase.messaging.FlutterFirebaseMessagingBackgroundService"
142-->[:firebase_messaging] AndroidManifest.xml:15:13-107
143            android:exported="false"
143-->[:firebase_messaging] AndroidManifest.xml:16:13-37
144            android:permission="android.permission.BIND_JOB_SERVICE" />
144-->[:firebase_messaging] AndroidManifest.xml:17:13-69
145        <service
145-->[:firebase_messaging] AndroidManifest.xml:18:9-24:19
146            android:name="io.flutter.plugins.firebase.messaging.FlutterFirebaseMessagingService"
146-->[:firebase_messaging] AndroidManifest.xml:19:13-97
147            android:exported="false" >
147-->[:firebase_messaging] AndroidManifest.xml:20:13-37
148            <intent-filter>
148-->[:firebase_messaging] AndroidManifest.xml:21:13-23:29
149                <action android:name="com.google.firebase.MESSAGING_EVENT" />
149-->[:firebase_messaging] AndroidManifest.xml:22:17-78
149-->[:firebase_messaging] AndroidManifest.xml:22:25-75
150            </intent-filter>
151        </service>
152
153        <receiver
153-->[:firebase_messaging] AndroidManifest.xml:26:9-33:20
154            android:name="io.flutter.plugins.firebase.messaging.FlutterFirebaseMessagingReceiver"
154-->[:firebase_messaging] AndroidManifest.xml:27:13-98
155            android:exported="true"
155-->[:firebase_messaging] AndroidManifest.xml:28:13-36
156            android:permission="com.google.android.c2dm.permission.SEND" >
156-->[:firebase_messaging] AndroidManifest.xml:29:13-73
157            <intent-filter>
157-->[:firebase_messaging] AndroidManifest.xml:30:13-32:29
158                <action android:name="com.google.android.c2dm.intent.RECEIVE" />
158-->[:firebase_messaging] AndroidManifest.xml:31:17-81
158-->[:firebase_messaging] AndroidManifest.xml:31:25-78
159            </intent-filter>
160        </receiver>
161
162        <provider
162-->[:firebase_messaging] AndroidManifest.xml:41:9-45:38
163            android:name="io.flutter.plugins.firebase.messaging.FlutterFirebaseMessagingInitProvider"
163-->[:firebase_messaging] AndroidManifest.xml:42:13-102
164            android:authorities="com.humorstech.dietitian.flutterfirebasemessaginginitprovider"
164-->[:firebase_messaging] AndroidManifest.xml:43:13-88
165            android:exported="false"
165-->[:firebase_messaging] AndroidManifest.xml:44:13-37
166            android:initOrder="99" />
166-->[:firebase_messaging] AndroidManifest.xml:45:13-35
167
168        <activity
168-->[com.google.firebase:firebase-auth:24.0.0] AndroidManifest.xml:29:9-46:20
169            android:name="com.google.firebase.auth.internal.GenericIdpActivity"
169-->[com.google.firebase:firebase-auth:24.0.0] AndroidManifest.xml:30:13-80
170            android:excludeFromRecents="true"
170-->[com.google.firebase:firebase-auth:24.0.0] AndroidManifest.xml:31:13-46
171            android:exported="true"
171-->[com.google.firebase:firebase-auth:24.0.0] AndroidManifest.xml:32:13-36
172            android:launchMode="singleTask"
172-->[com.google.firebase:firebase-auth:24.0.0] AndroidManifest.xml:33:13-44
173            android:theme="@android:style/Theme.Translucent.NoTitleBar" >
173-->[com.google.firebase:firebase-auth:24.0.0] AndroidManifest.xml:34:13-72
174            <intent-filter>
174-->[com.google.firebase:firebase-auth:24.0.0] AndroidManifest.xml:35:13-45:29
175                <action android:name="android.intent.action.VIEW" />
175-->[com.google.firebase:firebase-auth:24.0.0] AndroidManifest.xml:36:17-69
175-->[com.google.firebase:firebase-auth:24.0.0] AndroidManifest.xml:36:25-66
176
177                <category android:name="android.intent.category.DEFAULT" />
177-->[com.google.firebase:firebase-auth:24.0.0] AndroidManifest.xml:38:17-76
177-->[com.google.firebase:firebase-auth:24.0.0] AndroidManifest.xml:38:27-73
178                <category android:name="android.intent.category.BROWSABLE" />
178-->[com.google.firebase:firebase-auth:24.0.0] AndroidManifest.xml:39:17-78
178-->[com.google.firebase:firebase-auth:24.0.0] AndroidManifest.xml:39:27-75
179
180                <data
180-->src\main\AndroidManifest.xml:65:13-50
181                    android:host="firebase.auth"
182                    android:path="/"
183                    android:scheme="genericidp" />
184            </intent-filter>
185        </activity>
186        <activity
186-->[com.google.firebase:firebase-auth:24.0.0] AndroidManifest.xml:47:9-64:20
187            android:name="com.google.firebase.auth.internal.RecaptchaActivity"
187-->[com.google.firebase:firebase-auth:24.0.0] AndroidManifest.xml:48:13-79
188            android:excludeFromRecents="true"
188-->[com.google.firebase:firebase-auth:24.0.0] AndroidManifest.xml:49:13-46
189            android:exported="true"
189-->[com.google.firebase:firebase-auth:24.0.0] AndroidManifest.xml:50:13-36
190            android:launchMode="singleTask"
190-->[com.google.firebase:firebase-auth:24.0.0] AndroidManifest.xml:51:13-44
191            android:theme="@android:style/Theme.Translucent.NoTitleBar" >
191-->[com.google.firebase:firebase-auth:24.0.0] AndroidManifest.xml:52:13-72
192            <intent-filter>
192-->[com.google.firebase:firebase-auth:24.0.0] AndroidManifest.xml:53:13-63:29
193                <action android:name="android.intent.action.VIEW" />
193-->[com.google.firebase:firebase-auth:24.0.0] AndroidManifest.xml:36:17-69
193-->[com.google.firebase:firebase-auth:24.0.0] AndroidManifest.xml:36:25-66
194
195                <category android:name="android.intent.category.DEFAULT" />
195-->[com.google.firebase:firebase-auth:24.0.0] AndroidManifest.xml:38:17-76
195-->[com.google.firebase:firebase-auth:24.0.0] AndroidManifest.xml:38:27-73
196                <category android:name="android.intent.category.BROWSABLE" />
196-->[com.google.firebase:firebase-auth:24.0.0] AndroidManifest.xml:39:17-78
196-->[com.google.firebase:firebase-auth:24.0.0] AndroidManifest.xml:39:27-75
197
198                <data
198-->src\main\AndroidManifest.xml:65:13-50
199                    android:host="firebase.auth"
200                    android:path="/"
201                    android:scheme="recaptcha" />
202            </intent-filter>
203        </activity>
204
205        <service
205-->[androidx.credentials:credentials-play-services-auth:1.5.0] AndroidManifest.xml:24:9-32:19
206            android:name="androidx.credentials.playservices.CredentialProviderMetadataHolder"
206-->[androidx.credentials:credentials-play-services-auth:1.5.0] AndroidManifest.xml:25:13-94
207            android:enabled="true"
207-->[androidx.credentials:credentials-play-services-auth:1.5.0] AndroidManifest.xml:26:13-35
208            android:exported="false" >
208-->[androidx.credentials:credentials-play-services-auth:1.5.0] AndroidManifest.xml:27:13-37
209            <meta-data
209-->[androidx.credentials:credentials-play-services-auth:1.5.0] AndroidManifest.xml:29:13-31:104
210                android:name="androidx.credentials.CREDENTIAL_PROVIDER_KEY"
210-->[androidx.credentials:credentials-play-services-auth:1.5.0] AndroidManifest.xml:30:17-76
211                android:value="androidx.credentials.playservices.CredentialProviderPlayServicesImpl" />
211-->[androidx.credentials:credentials-play-services-auth:1.5.0] AndroidManifest.xml:31:17-101
212        </service>
213
214        <activity
214-->[androidx.credentials:credentials-play-services-auth:1.5.0] AndroidManifest.xml:34:9-41:20
215            android:name="androidx.credentials.playservices.HiddenActivity"
215-->[androidx.credentials:credentials-play-services-auth:1.5.0] AndroidManifest.xml:35:13-76
216            android:configChanges="orientation|screenSize|screenLayout|keyboardHidden"
216-->[androidx.credentials:credentials-play-services-auth:1.5.0] AndroidManifest.xml:36:13-87
217            android:enabled="true"
217-->[androidx.credentials:credentials-play-services-auth:1.5.0] AndroidManifest.xml:37:13-35
218            android:exported="false"
218-->[androidx.credentials:credentials-play-services-auth:1.5.0] AndroidManifest.xml:38:13-37
219            android:fitsSystemWindows="true"
219-->[androidx.credentials:credentials-play-services-auth:1.5.0] AndroidManifest.xml:39:13-45
220            android:theme="@style/Theme.Hidden" >
220-->[androidx.credentials:credentials-play-services-auth:1.5.0] AndroidManifest.xml:40:13-48
221        </activity>
222        <activity
222-->[androidx.credentials:credentials-play-services-auth:1.5.0] AndroidManifest.xml:42:9-49:20
223            android:name="androidx.credentials.playservices.IdentityCredentialApiHiddenActivity"
223-->[androidx.credentials:credentials-play-services-auth:1.5.0] AndroidManifest.xml:43:13-97
224            android:configChanges="orientation|screenSize|screenLayout|keyboardHidden"
224-->[androidx.credentials:credentials-play-services-auth:1.5.0] AndroidManifest.xml:44:13-87
225            android:enabled="true"
225-->[androidx.credentials:credentials-play-services-auth:1.5.0] AndroidManifest.xml:45:13-35
226            android:exported="false"
226-->[androidx.credentials:credentials-play-services-auth:1.5.0] AndroidManifest.xml:46:13-37
227            android:fitsSystemWindows="true"
227-->[androidx.credentials:credentials-play-services-auth:1.5.0] AndroidManifest.xml:47:13-45
228            android:theme="@style/Theme.Hidden" >
228-->[androidx.credentials:credentials-play-services-auth:1.5.0] AndroidManifest.xml:48:13-48
229        </activity>
230
231        <provider
231-->[:image_picker_android] AndroidManifest.xml:9:9-17:20
232            android:name="io.flutter.plugins.imagepicker.ImagePickerFileProvider"
232-->[:image_picker_android] AndroidManifest.xml:10:13-82
233            android:authorities="com.humorstech.dietitian.flutter.image_provider"
233-->[:image_picker_android] AndroidManifest.xml:11:13-74
234            android:exported="false"
234-->[:image_picker_android] AndroidManifest.xml:12:13-37
235            android:grantUriPermissions="true" >
235-->[:image_picker_android] AndroidManifest.xml:13:13-47
236            <meta-data
236-->[:image_picker_android] AndroidManifest.xml:14:13-16:75
237                android:name="android.support.FILE_PROVIDER_PATHS"
237-->[:image_picker_android] AndroidManifest.xml:15:17-67
238                android:resource="@xml/flutter_image_picker_file_paths" />
238-->[:image_picker_android] AndroidManifest.xml:16:17-72
239        </provider> <!-- Trigger Google Play services to install the backported photo picker module. -->
240        <service
240-->[:image_picker_android] AndroidManifest.xml:19:9-31:19
241            android:name="com.google.android.gms.metadata.ModuleDependencies"
241-->[:image_picker_android] AndroidManifest.xml:20:13-78
242            android:enabled="false"
242-->[:image_picker_android] AndroidManifest.xml:21:13-36
243            android:exported="false" >
243-->[:image_picker_android] AndroidManifest.xml:22:13-37
244            <intent-filter>
244-->[:image_picker_android] AndroidManifest.xml:24:13-26:29
245                <action android:name="com.google.android.gms.metadata.MODULE_DEPENDENCIES" />
245-->[:image_picker_android] AndroidManifest.xml:25:17-94
245-->[:image_picker_android] AndroidManifest.xml:25:25-91
246            </intent-filter>
247
248            <meta-data
248-->[:image_picker_android] AndroidManifest.xml:28:13-30:36
249                android:name="photopicker_activity:0:required"
249-->[:image_picker_android] AndroidManifest.xml:29:17-63
250                android:value="" />
250-->[:image_picker_android] AndroidManifest.xml:30:17-33
251        </service>
252
253        <activity
253-->[:url_launcher_android] AndroidManifest.xml:8:9-11:74
254            android:name="io.flutter.plugins.urllauncher.WebViewActivity"
254-->[:url_launcher_android] AndroidManifest.xml:9:13-74
255            android:exported="false"
255-->[:url_launcher_android] AndroidManifest.xml:10:13-37
256            android:theme="@android:style/Theme.NoTitleBar.Fullscreen" />
256-->[:url_launcher_android] AndroidManifest.xml:11:13-71
257        <activity
257-->[com.google.android.gms:play-services-auth:21.3.0] AndroidManifest.xml:23:9-27:75
258            android:name="com.google.android.gms.auth.api.signin.internal.SignInHubActivity"
258-->[com.google.android.gms:play-services-auth:21.3.0] AndroidManifest.xml:24:13-93
259            android:excludeFromRecents="true"
259-->[com.google.android.gms:play-services-auth:21.3.0] AndroidManifest.xml:25:13-46
260            android:exported="false"
260-->[com.google.android.gms:play-services-auth:21.3.0] AndroidManifest.xml:26:13-37
261            android:theme="@android:style/Theme.Translucent.NoTitleBar" />
261-->[com.google.android.gms:play-services-auth:21.3.0] AndroidManifest.xml:27:13-72
262        <!--
263            Service handling Google Sign-In user revocation. For apps that do not integrate with
264            Google Sign-In, this service will never be started.
265        -->
266        <service
266-->[com.google.android.gms:play-services-auth:21.3.0] AndroidManifest.xml:33:9-37:51
267            android:name="com.google.android.gms.auth.api.signin.RevocationBoundService"
267-->[com.google.android.gms:play-services-auth:21.3.0] AndroidManifest.xml:34:13-89
268            android:exported="true"
268-->[com.google.android.gms:play-services-auth:21.3.0] AndroidManifest.xml:35:13-36
269            android:permission="com.google.android.gms.auth.api.signin.permission.REVOCATION_NOTIFICATION"
269-->[com.google.android.gms:play-services-auth:21.3.0] AndroidManifest.xml:36:13-107
270            android:visibleToInstantApps="true" />
270-->[com.google.android.gms:play-services-auth:21.3.0] AndroidManifest.xml:37:13-48
271
272        <receiver
272-->[com.google.firebase:firebase-messaging:25.0.0] AndroidManifest.xml:29:9-40:20
273            android:name="com.google.firebase.iid.FirebaseInstanceIdReceiver"
273-->[com.google.firebase:firebase-messaging:25.0.0] AndroidManifest.xml:30:13-78
274            android:exported="true"
274-->[com.google.firebase:firebase-messaging:25.0.0] AndroidManifest.xml:31:13-36
275            android:permission="com.google.android.c2dm.permission.SEND" >
275-->[com.google.firebase:firebase-messaging:25.0.0] AndroidManifest.xml:32:13-73
276            <intent-filter>
276-->[:firebase_messaging] AndroidManifest.xml:30:13-32:29
277                <action android:name="com.google.android.c2dm.intent.RECEIVE" />
277-->[:firebase_messaging] AndroidManifest.xml:31:17-81
277-->[:firebase_messaging] AndroidManifest.xml:31:25-78
278            </intent-filter>
279
280            <meta-data
280-->[com.google.firebase:firebase-messaging:25.0.0] AndroidManifest.xml:37:13-39:40
281                android:name="com.google.android.gms.cloudmessaging.FINISHED_AFTER_HANDLED"
281-->[com.google.firebase:firebase-messaging:25.0.0] AndroidManifest.xml:38:17-92
282                android:value="true" />
282-->[com.google.firebase:firebase-messaging:25.0.0] AndroidManifest.xml:39:17-37
283        </receiver>
284        <!--
285             FirebaseMessagingService performs security checks at runtime,
286             but set to not exported to explicitly avoid allowing another app to call it.
287        -->
288        <service
288-->[com.google.firebase:firebase-messaging:25.0.0] AndroidManifest.xml:46:9-53:19
289            android:name="com.google.firebase.messaging.FirebaseMessagingService"
289-->[com.google.firebase:firebase-messaging:25.0.0] AndroidManifest.xml:47:13-82
290            android:directBootAware="true"
290-->[com.google.firebase:firebase-messaging:25.0.0] AndroidManifest.xml:48:13-43
291            android:exported="false" >
291-->[com.google.firebase:firebase-messaging:25.0.0] AndroidManifest.xml:49:13-37
292            <intent-filter android:priority="-500" >
292-->[:firebase_messaging] AndroidManifest.xml:21:13-23:29